<?xml version="1.0" encoding="UTF-8"?>
<testsuite xmlns:xsi="http://www.w3.org/2001/XMLSchema-instance" xsi:noNamespaceSchemaLocation="https://maven.apache.org/surefire/maven-surefire-plugin/xsd/surefire-test-report.xsd" version="3.0.2" name="TestSuite" time="15.647" tests="1" errors="0" skipped="0" failures="1">
  <properties>
[...]
</properties>
  <testcase name="runScenario[&quot;User logs in successfully with valid credentials&quot;, &quot;Optional[Home and Add to cart Feature]&quot;](1)" classname="org.runner.Run" time="14.467">
    <failure message="no such element: Unable to locate element: {&quot;method&quot;:&quot;xpath&quot;,&quot;selector&quot;:&quot;//button[@id=&apos;checkout&apos;]&quot;}&#10;  (Session info: chrome=140.0.7339.208)&#10;For documentation on this error, please visit: https://www.seleniumhq.org/exceptions/no_such_element.html&#10;Build info: version: &apos;3.141.59&apos;, revision: &apos;e82be7d358&apos;, time: &apos;2018-11-14T08:17:03&apos;&#10;System info: host: &apos;DESKTOP-8BTB2GC&apos;, ip: &apos;192.168.1.12&apos;, os.name: &apos;Windows 8.1&apos;, os.arch: &apos;amd64&apos;, os.version: &apos;6.3&apos;, java.version: &apos;1.8.0&apos;&#10;Driver info: org.openqa.selenium.chrome.ChromeDriver&#10;Capabilities {acceptInsecureCerts: false, browserName: chrome, browserVersion: 140.0.7339.208, chrome: {chromedriverVersion: 140.0.7339.207 (17230b545fd..., userDataDir: C:\Users\Ashok\AppData\Loca...}, fedcm:accounts: true, goog:chromeOptions: {debuggerAddress: localhost:60093}, javascriptEnabled: true, networkConnectionEnabled: false, pageLoadStrategy: normal, platform: WINDOWS, platformName: WINDOWS, proxy: Proxy(), setWindowRect: true, strictFileInteractability: false, timeouts: {implicit: 0, pageLoad: 300000, script: 30000}, unhandledPromptBehavior: dismiss and notify, webauthn:extension:credBlob: true, webauthn:extension:largeBlob: true, webauthn:extension:minPinLength: true, webauthn:extension:prf: true, webauthn:virtualAuthenticators: true}&#10;Session ID: 221c2cda364ac3a83b87a96c39f56af2&#10;*** Element info: {Using=xpath, value=//button[@id=&apos;checkout&apos;]}" type="org.openqa.selenium.NoSuchElementException"><![CDATA[org.openqa.selenium.NoSuchElementException: 
no such element: Unable to locate element: {"method":"xpath","selector":"//button[@id='checkout']"}
  (Session info: chrome=140.0.7339.208)
For documentation on this error, please visit: https://www.seleniumhq.org/exceptions/no_such_element.html
Build info: version: '3.141.59', revision: 'e82be7d358', time: '2018-11-14T08:17:03'
System info: host: 'DESKTOP-8BTB2GC', ip: '192.168.1.12', os.name: 'Windows 8.1', os.arch: 'amd64', os.version: '6.3', java.version: '1.8.0'
Driver info: org.openqa.selenium.chrome.ChromeDriver
Capabilities {acceptInsecureCerts: false, browserName: chrome, browserVersion: 140.0.7339.208, chrome: {chromedriverVersion: 140.0.7339.207 (17230b545fd..., userDataDir: C:\Users\Ashok\AppData\Loca...}, fedcm:accounts: true, goog:chromeOptions: {debuggerAddress: localhost:60093}, javascriptEnabled: true, networkConnectionEnabled: false, pageLoadStrategy: normal, platform: WINDOWS, platformName: WINDOWS, proxy: Proxy(), setWindowRect: true, strictFileInteractability: false, timeouts: {implicit: 0, pageLoad: 300000, script: 30000}, unhandledPromptBehavior: dismiss and notify, webauthn:extension:credBlob: true, webauthn:extension:largeBlob: true, webauthn:extension:minPinLength: true, webauthn:extension:prf: true, webauthn:virtualAuthenticators: true}
Session ID: 221c2cda364ac3a83b87a96c39f56af2
*** Element info: {Using=xpath, value=//button[@id='checkout']}
	at sun.reflect.NativeConstructorAccessorImpl.newInstance0(Native Method)
	at sun.reflect.NativeConstructorAccessorImpl.newInstance(NativeConstructorAccessorImpl.java:62)
	at sun.reflect.DelegatingConstructorAccessorImpl.newInstance(DelegatingConstructorAccessorImpl.java:45)
	at java.lang.reflect.Constructor.newInstance(Constructor.java:408)
	at org.openqa.selenium.remote.http.W3CHttpResponseCodec.createException(W3CHttpResponseCodec.java:187)
	at org.openqa.selenium.remote.http.W3CHttpResponseCodec.decode(W3CHttpResponseCodec.java:122)
	at org.openqa.selenium.remote.http.W3CHttpResponseCodec.decode(W3CHttpResponseCodec.java:49)
	at org.openqa.selenium.remote.HttpCommandExecutor.execute(HttpCommandExecutor.java:158)
	at org.openqa.selenium.remote.service.DriverCommandExecutor.execute(DriverCommandExecutor.java:83)
	at org.openqa.selenium.remote.RemoteWebDriver.execute(RemoteWebDriver.java:552)
	at org.openqa.selenium.remote.RemoteWebDriver.findElement(RemoteWebDriver.java:323)
	at org.openqa.selenium.remote.RemoteWebDriver.findElementByXPath(RemoteWebDriver.java:428)
	at org.openqa.selenium.By$ByXPath.findElement(By.java:353)
	at org.openqa.selenium.remote.RemoteWebDriver.findElement(RemoteWebDriver.java:315)
	at org.pages.CartpagePO.checkout(CartpagePO.java:11)
	at org.steps.CartPage.iNavigatedToCartPageAndClickCheckout(CartPage.java:9)
	at ✽.I navigated to cart page and click checkout(file:///C:/Users/Ashok/IdeaProjects/BDDCucumberframework/src/test/resources/features/HomeAndAddToCart.feature:10)
]]></failure>
    <system-out><![CDATA[
@Regression
Scenario: User logs in successfully with valid credentials                        &amp#27;[90m# src/test/resources/features/HomeAndAddToCart.feature:4&amp#27;[0m
In Login Page
Swag Labs
  &amp#27;[32mGiven &amp#27;[0m&amp#27;[32mI am on the login page&amp#27;[0m                                                    &amp#27;[90m# org.steps.LoginPage.iAmOnTheLoginPage()&amp#27;[0m
Credentials
  &amp#27;[32mWhen &amp#27;[0m&amp#27;[32mI enter valid credentials&amp#27;[0m                                                  &amp#27;[90m# org.steps.LoginPage.iEnterValidCredentials()&amp#27;[0m
Test
  &amp#27;[32mThen &amp#27;[0m&amp#27;[32mI add the single product into the cart from Home page&amp#27;[0m                      &amp#27;[90m# org.steps.HomePage.iAddTheSingleProductIntoTheCartFromHomePage()&amp#27;[0m
Test
  &amp#27;[32mAnd &amp#27;[0m&amp#27;[32mI check the button name changed to Remove&amp#27;[0m                                   &amp#27;[90m# org.steps.HomePage.iCheckTheButtonNameChangedToRemove()&amp#27;[0m
  &amp#27;[32mAnd &amp#27;[0m&amp#27;[32mI click on shopping cart on Home page&amp#27;[0m                                       &amp#27;[90m# org.steps.HomePage.iClickOnShoppingCartOnHomePage()&amp#27;[0m
  &amp#27;[31mAnd &amp#27;[0m&amp#27;[31mI navigated to cart page and click checkout&amp#27;[0m                                 &amp#27;[90m# org.steps.CartPage.iNavigatedToCartPageAndClickCheckout()&amp#27;[0m
      &amp#27;[31morg.openqa.selenium.NoSuchElementException: no such element: Unable to locate element: {"method":"xpath","selector":"//button[@id='checkout']"}
  (Session info: chrome=140.0.7339.208)
For documentation on this error, please visit: https://www.seleniumhq.org/exceptions/no_such_element.html
Build info: version: '3.141.59', revision: 'e82be7d358', time: '2018-11-14T08:17:03'
System info: host: 'DESKTOP-8BTB2GC', ip: '192.168.1.12', os.name: 'Windows 8.1', os.arch: 'amd64', os.version: '6.3', java.version: '1.8.0'
Driver info: org.openqa.selenium.chrome.ChromeDriver
Capabilities {acceptInsecureCerts: false, browserName: chrome, browserVersion: 140.0.7339.208, chrome: {chromedriverVersion: 140.0.7339.207 (17230b545fd..., userDataDir: C:\Users\Ashok\AppData\Loca...}, fedcm:accounts: true, goog:chromeOptions: {debuggerAddress: localhost:60093}, javascriptEnabled: true, networkConnectionEnabled: false, pageLoadStrategy: normal, platform: WINDOWS, platformName: WINDOWS, proxy: Proxy(), setWindowRect: true, strictFileInteractability: false, timeouts: {implicit: 0, pageLoad: 300000, script: 30000}, unhandledPromptBehavior: dismiss and notify, webauthn:extension:credBlob: true, webauthn:extension:largeBlob: true, webauthn:extension:minPinLength: true, webauthn:extension:prf: true, webauthn:virtualAuthenticators: true}
Session ID: 221c2cda364ac3a83b87a96c39f56af2
*** Element info: {Using=xpath, value=//button[@id='checkout']}
	at sun.reflect.NativeConstructorAccessorImpl.newInstance0(Native Method)
	at sun.reflect.NativeConstructorAccessorImpl.newInstance(NativeConstructorAccessorImpl.java:62)
	at sun.reflect.DelegatingConstructorAccessorImpl.newInstance(DelegatingConstructorAccessorImpl.java:45)
	at java.lang.reflect.Constructor.newInstance(Constructor.java:408)
	at org.openqa.selenium.remote.http.W3CHttpResponseCodec.createException(W3CHttpResponseCodec.java:187)
	at org.openqa.selenium.remote.http.W3CHttpResponseCodec.decode(W3CHttpResponseCodec.java:122)
	at org.openqa.selenium.remote.http.W3CHttpResponseCodec.decode(W3CHttpResponseCodec.java:49)
	at org.openqa.selenium.remote.HttpCommandExecutor.execute(HttpCommandExecutor.java:158)
	at org.openqa.selenium.remote.service.DriverCommandExecutor.execute(DriverCommandExecutor.java:83)
	at org.openqa.selenium.remote.RemoteWebDriver.execute(RemoteWebDriver.java:552)
	at org.openqa.selenium.remote.RemoteWebDriver.findElement(RemoteWebDriver.java:323)
	at org.openqa.selenium.remote.RemoteWebDriver.findElementByXPath(RemoteWebDriver.java:428)
	at org.openqa.selenium.By$ByXPath.findElement(By.java:353)
	at org.openqa.selenium.remote.RemoteWebDriver.findElement(RemoteWebDriver.java:315)
	at org.pages.CartpagePO.checkout(CartpagePO.java:11)
	at org.steps.CartPage.iNavigatedToCartPageAndClickCheckout(CartPage.java:9)
	at âœ½.I navigated to cart page and click checkout(file:///C:/Users/Ashok/IdeaProjects/BDDCucumberframework/src/test/resources/features/HomeAndAddToCart.feature:10)
&amp#27;[0m
  &amp#27;[36mAnd &amp#27;[0m&amp#27;[36mI entered the values in first name,last name and zip code&amp#27;[0m                   &amp#27;[90m# org.steps.checkoutYourInfoPage.iEnteredTheValuesInFirstNameLastNameAndZipCode(io.cucumber.datatable.DataTable)&amp#27;[0m
  &amp#27;[36mAnd &amp#27;[0m&amp#27;[36mI clicked on Continue button in checkout info page&amp#27;[0m                          &amp#27;[90m# org.steps.checkoutYourInfoPage.iClickedOnContinueButtonInCheckoutInfoPage()&amp#27;[0m
  &amp#27;[36mAnd &amp#27;[0m&amp#27;[36mI navigated to overview page and validate the products and price&amp#27;[0m            &amp#27;[90m# org.steps.overviewPage.iNavigatedToOverviewPageAndValidateTheProductsAndPrice()&amp#27;[0m
  &amp#27;[36mAnd &amp#27;[0m&amp#27;[36mI clicked on Finish button&amp#27;[0m                                                  &amp#27;[90m# org.steps.overviewPage.iClickedOnFinishButton()&amp#27;[0m
  &amp#27;[36mAnd &amp#27;[0m&amp#27;[36mI navigated to see the &amp#27;[0m&amp#27;[36m&amp#27;[1m"Thank you for your order!"&amp#27;[0m&amp#27;[36m message in Complete page&amp#27;[0m &amp#27;[90m# org.steps.CompletePage.iNavigatedToSeeTheMessageInCompletePage(java.lang.String)&amp#27;[0m
]]></system-out>
    <system-err><![CDATA[SLF4J(W): No SLF4J providers were found.
SLF4J(W): Defaulting to no-operation (NOP) logger implementation
SLF4J(W): See https://www.slf4j.org/codes.html#noProviders for further details.
Starting ChromeDriver 140.0.7339.207 (17230b545fd18b35aad49122e5af97a463bc7a9c-refs/branch-heads/7339@{#2364}) on port 5613
Only local connections are allowed.
Please see https://chromedriver.chromium.org/security-considerations for suggestions on keeping ChromeDriver safe.
ChromeDriver was started successfully on port 5613.
Oct 14, 2025 9:07:27 PM org.openqa.selenium.remote.ProtocolHandshake createSession
INFO: Detected dialect: W3C
]]></system-err>
  </testcase>
</testsuite>