<?xml version="1.0" encoding="UTF-8"?>
<testng-results skipped="0" failed="0" ignored="0" total="1" passed="1">
  <reporter-output>
  </reporter-output>
  <suite name="All Test Suite" duration-ms="6535" started-at="2025-03-17T22:16:07 IST" finished-at="2025-03-17T22:16:14 IST">
    <groups>
      <group name="cucumber">
        <method signature="AbstractTestNGCucumberTests.runScenario(io.cucumber.testng.PickleWrapper,io.cucumber.testng.FeatureWrapper)[pri:0, instance:org.runner.Run@27f723]" name="runScenario" class="io.cucumber.testng.AbstractTestNGCucumberTests"/>
      </group> <!-- cucumber -->
    </groups>
    <test name="C:/Users/Ashok/IdeaProjects/BDDCucumberframework" duration-ms="6535" started-at="2025-03-17T22:16:07 IST" finished-at="2025-03-17T22:16:14 IST">
      <class name="org.runner.Run">
        <test-method status="PASS" signature="setUpClass()[pri:0, instance:org.runner.Run@27f723]" name="setUpClass" is-config="true" duration-ms="488" started-at="2025-03-17T22:16:07 IST" finished-at="2025-03-17T22:16:08 IST">
          <reporter-output>
          </reporter-output>
        </test-method> <!-- setUpClass -->
        <test-method status="PASS" signature="runScenario(io.cucumber.testng.PickleWrapper,io.cucumber.testng.FeatureWrapper)[pri:0, instance:org.runner.Run@27f723]" name="runScenario" duration-ms="5967" started-at="2025-03-17T22:16:08 IST" description="Runs Cucumber Scenarios" data-provider="scenarios" finished-at="2025-03-17T22:16:14 IST">
          <params>
            <param index="0">
              <value>
                <![CDATA["User logs in successfully with valid credentials"]]>
              </value>
            </param>
            <param index="1">
              <value>
                <![CDATA["Optional[Home and Add to cart Feature]"]]>
              </value>
            </param>
          </params>
          <reporter-output>
          </reporter-output>
        </test-method> <!-- runScenario -->
        <test-method status="PASS" signature="tearDownClass()[pri:0, instance:org.runner.Run@27f723]" name="tearDownClass" is-config="true" duration-ms="44" started-at="2025-03-17T22:16:14 IST" finished-at="2025-03-17T22:16:14 IST">
          <reporter-output>
          </reporter-output>
        </test-method> <!-- tearDownClass -->
      </class> <!-- org.runner.Run -->
    </test> <!-- C:/Users/Ashok/IdeaProjects/BDDCucumberframework -->
  </suite> <!-- All Test Suite -->
</testng-results>
