<?xml version="1.0" encoding="UTF-8"?>
<testsuite xmlns:xsi="http://www.w3.org/2001/XMLSchema-instance" xsi:noNamespaceSchemaLocation="https://maven.apache.org/surefire/maven-surefire-plugin/xsd/surefire-test-report.xsd" version="3.0.2" name="TestSuite" time="41.815" tests="7" errors="0" skipped="0" failures="0">
  <properties>
[...]
</properties>
  <testcase name="runScenario[&quot;User logs in with multiple users&quot;, &quot;Optional[Login functionality]&quot;](1)" classname="org.runner.Run" time="7.096">
    <system-out><![CDATA[
@Test
Scenario Outline: User logs in with multiple users &amp#27;[90m# src/test/resources/features/Login.feature:9&amp#27;[0m
In Login Page
Swag Labs
  &amp#27;[32mGiven &amp#27;[0m&amp#27;[32mI am on the login page&amp#27;[0m                     &amp#27;[90m# org.steps.LoginPage.iAmOnTheLoginPage()&amp#27;[0m
Valid Login
  &amp#27;[32mWhen &amp#27;[0m&amp#27;[32mI enter &amp#27;[0m&amp#27;[32m&amp#27;[1m"standard_user"&amp#27;[0m&amp#27;[32m and &amp#27;[0m&amp#27;[32m&amp#27;[1m"secret_sauce"&amp#27;[0m  &amp#27;[90m# org.steps.LoginPage.iEnterAnd(java.lang.String,java.lang.String)&amp#27;[0m
]]></system-out>
    <system-err><![CDATA[SLF4J(W): No SLF4J providers were found.
SLF4J(W): Defaulting to no-operation (NOP) logger implementation
SLF4J(W): See https://www.slf4j.org/codes.html#noProviders for further details.
Starting ChromeDriver 134.0.6998.88 (7e3d5c978c6d3a6eda25692cfac7f893a2b20dd0-refs/branch-heads/6998@{#1898}) on port 20295
Only local connections are allowed.
Please see https://chromedriver.chromium.org/security-considerations for suggestions on keeping ChromeDriver safe.
ChromeDriver was started successfully on port 20295.
Mar 17, 2025 9:48:55 PM org.openqa.selenium.remote.ProtocolHandshake createSession
INFO: Detected dialect: W3C
]]></system-err>
  </testcase>
  <testcase name="runScenario[&quot;User logs in with multiple users&quot;, &quot;Optional[Login functionality]&quot;](2)" classname="org.runner.Run" time="3.385">
    <system-out><![CDATA[
@Test
Scenario Outline: User logs in with multiple users  &amp#27;[90m# src/test/resources/features/Login.feature:10&amp#27;[0m
In Login Page
Swag Labs
  &amp#27;[32mGiven &amp#27;[0m&amp#27;[32mI am on the login page&amp#27;[0m                      &amp#27;[90m# org.steps.LoginPage.iAmOnTheLoginPage()&amp#27;[0m
Valid Login
  &amp#27;[32mWhen &amp#27;[0m&amp#27;[32mI enter &amp#27;[0m&amp#27;[32m&amp#27;[1m"locked_out_user"&amp#27;[0m&amp#27;[32m and &amp#27;[0m&amp#27;[32m&amp#27;[1m"secret_sauce"&amp#27;[0m &amp#27;[90m# org.steps.LoginPage.iEnterAnd(java.lang.String,java.lang.String)&amp#27;[0m
]]></system-out>
    <system-err><![CDATA[Starting ChromeDriver 134.0.6998.88 (7e3d5c978c6d3a6eda25692cfac7f893a2b20dd0-refs/branch-heads/6998@{#1898}) on port 27069
Only local connections are allowed.
Please see https://chromedriver.chromium.org/security-considerations for suggestions on keeping ChromeDriver safe.
ChromeDriver was started successfully on port 27069.
Mar 17, 2025 9:49:01 PM org.openqa.selenium.remote.ProtocolHandshake createSession
INFO: Detected dialect: W3C
]]></system-err>
  </testcase>
  <testcase name="runScenario[&quot;User logs in with multiple users&quot;, &quot;Optional[Login functionality]&quot;](3)" classname="org.runner.Run" time="5.427">
    <system-out><![CDATA[
@Test
Scenario Outline: User logs in with multiple users &amp#27;[90m# src/test/resources/features/Login.feature:11&amp#27;[0m
In Login Page
Swag Labs
  &amp#27;[32mGiven &amp#27;[0m&amp#27;[32mI am on the login page&amp#27;[0m                     &amp#27;[90m# org.steps.LoginPage.iAmOnTheLoginPage()&amp#27;[0m
Valid Login
  &amp#27;[32mWhen &amp#27;[0m&amp#27;[32mI enter &amp#27;[0m&amp#27;[32m&amp#27;[1m"problem_user"&amp#27;[0m&amp#27;[32m and &amp#27;[0m&amp#27;[32m&amp#27;[1m"secret_sauce"&amp#27;[0m   &amp#27;[90m# org.steps.LoginPage.iEnterAnd(java.lang.String,java.lang.String)&amp#27;[0m
]]></system-out>
    <system-err><![CDATA[Starting ChromeDriver 134.0.6998.88 (7e3d5c978c6d3a6eda25692cfac7f893a2b20dd0-refs/branch-heads/6998@{#1898}) on port 15966
Only local connections are allowed.
Please see https://chromedriver.chromium.org/security-considerations for suggestions on keeping ChromeDriver safe.
ChromeDriver was started successfully on port 15966.
Mar 17, 2025 9:49:04 PM org.openqa.selenium.remote.ProtocolHandshake createSession
INFO: Detected dialect: W3C
]]></system-err>
  </testcase>
  <testcase name="runScenario[&quot;User logs in with multiple users&quot;, &quot;Optional[Login functionality]&quot;](4)" classname="org.runner.Run" time="10.772">
    <system-out><![CDATA[
@Test
Scenario Outline: User logs in with multiple users          &amp#27;[90m# src/test/resources/features/Login.feature:12&amp#27;[0m
In Login Page
Swag Labs
  &amp#27;[32mGiven &amp#27;[0m&amp#27;[32mI am on the login page&amp#27;[0m                              &amp#27;[90m# org.steps.LoginPage.iAmOnTheLoginPage()&amp#27;[0m
Valid Login
  &amp#27;[32mWhen &amp#27;[0m&amp#27;[32mI enter &amp#27;[0m&amp#27;[32m&amp#27;[1m"performance_glitch_user"&amp#27;[0m&amp#27;[32m and &amp#27;[0m&amp#27;[32m&amp#27;[1m"secret_sauce"&amp#27;[0m &amp#27;[90m# org.steps.LoginPage.iEnterAnd(java.lang.String,java.lang.String)&amp#27;[0m
]]></system-out>
    <system-err><![CDATA[Starting ChromeDriver 134.0.6998.88 (7e3d5c978c6d3a6eda25692cfac7f893a2b20dd0-refs/branch-heads/6998@{#1898}) on port 31026
Only local connections are allowed.
Please see https://chromedriver.chromium.org/security-considerations for suggestions on keeping ChromeDriver safe.
ChromeDriver was started successfully on port 31026.
Mar 17, 2025 9:49:10 PM org.openqa.selenium.remote.ProtocolHandshake createSession
INFO: Detected dialect: W3C
]]></system-err>
  </testcase>
  <testcase name="runScenario[&quot;User logs in with multiple users&quot;, &quot;Optional[Login functionality]&quot;](5)" classname="org.runner.Run" time="5.601">
    <system-out><![CDATA[
@Test
Scenario Outline: User logs in with multiple users &amp#27;[90m# src/test/resources/features/Login.feature:13&amp#27;[0m
In Login Page
Swag Labs
  &amp#27;[32mGiven &amp#27;[0m&amp#27;[32mI am on the login page&amp#27;[0m                     &amp#27;[90m# org.steps.LoginPage.iAmOnTheLoginPage()&amp#27;[0m
Valid Login
  &amp#27;[32mWhen &amp#27;[0m&amp#27;[32mI enter &amp#27;[0m&amp#27;[32m&amp#27;[1m"error_user"&amp#27;[0m&amp#27;[32m and &amp#27;[0m&amp#27;[32m&amp#27;[1m"secret_sauce"&amp#27;[0m     &amp#27;[90m# org.steps.LoginPage.iEnterAnd(java.lang.String,java.lang.String)&amp#27;[0m
]]></system-out>
    <system-err><![CDATA[Starting ChromeDriver 134.0.6998.88 (7e3d5c978c6d3a6eda25692cfac7f893a2b20dd0-refs/branch-heads/6998@{#1898}) on port 35287
Only local connections are allowed.
Please see https://chromedriver.chromium.org/security-considerations for suggestions on keeping ChromeDriver safe.
ChromeDriver was started successfully on port 35287.
Mar 17, 2025 9:49:21 PM org.openqa.selenium.remote.ProtocolHandshake createSession
INFO: Detected dialect: W3C
]]></system-err>
  </testcase>
  <testcase name="runScenario[&quot;User logs in with multiple users&quot;, &quot;Optional[Login functionality]&quot;](6)" classname="org.runner.Run" time="5.729">
    <system-out><![CDATA[
@Test
Scenario Outline: User logs in with multiple users &amp#27;[90m# src/test/resources/features/Login.feature:14&amp#27;[0m
In Login Page
Swag Labs
  &amp#27;[32mGiven &amp#27;[0m&amp#27;[32mI am on the login page&amp#27;[0m                     &amp#27;[90m# org.steps.LoginPage.iAmOnTheLoginPage()&amp#27;[0m
Valid Login
  &amp#27;[32mWhen &amp#27;[0m&amp#27;[32mI enter &amp#27;[0m&amp#27;[32m&amp#27;[1m"visual_user"&amp#27;[0m&amp#27;[32m and &amp#27;[0m&amp#27;[32m&amp#27;[1m"secret_sauce"&amp#27;[0m    &amp#27;[90m# org.steps.LoginPage.iEnterAnd(java.lang.String,java.lang.String)&amp#27;[0m
]]></system-out>
    <system-err><![CDATA[Starting ChromeDriver 134.0.6998.88 (7e3d5c978c6d3a6eda25692cfac7f893a2b20dd0-refs/branch-heads/6998@{#1898}) on port 33579
Only local connections are allowed.
Please see https://chromedriver.chromium.org/security-considerations for suggestions on keeping ChromeDriver safe.
ChromeDriver was started successfully on port 33579.
Mar 17, 2025 9:49:26 PM org.openqa.selenium.remote.ProtocolHandshake createSession
INFO: Detected dialect: W3C
]]></system-err>
  </testcase>
  <testcase name="runScenario[&quot;User logs in successfully with valid credentials&quot;, &quot;Optional[Login functionality]&quot;](7)" classname="org.runner.Run" time="2.566">
    <system-out><![CDATA[
@Test
Scenario: User logs in successfully with valid credentials        &amp#27;[90m# src/test/resources/features/Login.feature:17&amp#27;[0m
In Login Page
Swag Labs
  &amp#27;[32mGiven &amp#27;[0m&amp#27;[32mI am on the login page&amp#27;[0m                                    &amp#27;[90m# org.steps.LoginPage.iAmOnTheLoginPage()&amp#27;[0m
Credentials
  &amp#27;[32mWhen &amp#27;[0m&amp#27;[32mI enter valid credentials&amp#27;[0m                                  &amp#27;[90m# org.steps.LoginPage.iEnterValidCredentials()&amp#27;[0m
Login and Navigated to Home page
  &amp#27;[32mThen &amp#27;[0m&amp#27;[32mI should be redirected to the homepage and check Logo text&amp#27;[0m &amp#27;[90m# org.steps.LoginPage.iShouldBeRedirectedToTheHomepageAndCheckLogoText()&amp#27;[0m
]]></system-out>
    <system-err><![CDATA[Starting ChromeDriver 134.0.6998.88 (7e3d5c978c6d3a6eda25692cfac7f893a2b20dd0-refs/branch-heads/6998@{#1898}) on port 14930
Only local connections are allowed.
Please see https://chromedriver.chromium.org/security-considerations for suggestions on keeping ChromeDriver safe.
ChromeDriver was started successfully on port 14930.
Mar 17, 2025 9:49:32 PM org.openqa.selenium.remote.ProtocolHandshake createSession
INFO: Detected dialect: W3C
]]></system-err>
  </testcase>
</testsuite>